  entity.c
C:\Projects\C\CeliaShmup\ProjectFiles\dependencies\Pond\include\pond.h(4,1): warning C4005: '_WIN32_WINNT': macro redefinition
  (compiling source file 'entity.c')
      C:\Program Files (x86)\Windows Kits\10\Include\10.0.26100.0\shared\sdkddkver.h(228,1):
      see previous definition of '_WIN32_WINNT'
  
C:\Projects\C\CeliaShmup\ProjectFiles\CeliaShmup\entity.c(34,9): warning C4101: 'e': unreferenced local variable
C:\Projects\C\CeliaShmup\ProjectFiles\CeliaShmup\entity.c(63,30): warning C4244: '-=': conversion from 'double' to 'float', possible loss of data
C:\Projects\C\CeliaShmup\ProjectFiles\CeliaShmup\entity.c(103,31): warning C4305: '=': truncation from 'double' to 'float'
C:\Projects\C\CeliaShmup\ProjectFiles\CeliaShmup\entity.c(114,16): warning C4244: '-=': conversion from 'double' to 'float', possible loss of data
C:\Projects\C\CeliaShmup\ProjectFiles\CeliaShmup\entity.c(167,67): warning C4244: 'function': conversion from 'float' to 'int', possible loss of data
C:\Projects\C\CeliaShmup\ProjectFiles\CeliaShmup\entity.c(168,29): warning C4244: 'function': conversion from 'float' to 'int', possible loss of data
C:\Projects\C\CeliaShmup\ProjectFiles\CeliaShmup\entity.c(193,43): warning C4244: 'function': conversion from 'float' to 'int', possible loss of data
C:\Projects\C\CeliaShmup\ProjectFiles\CeliaShmup\entity.c(193,58): warning C4244: 'function': conversion from 'float' to 'int', possible loss of data
  main.c
C:\Projects\C\CeliaShmup\ProjectFiles\dependencies\Pond\include\pond.h(4,1): warning C4005: '_WIN32_WINNT': macro redefinition
  (compiling source file 'main.c')
      C:\Program Files (x86)\Windows Kits\10\Include\10.0.26100.0\shared\sdkddkver.h(228,1):
      see previous definition of '_WIN32_WINNT'
  
  Generating Code...
C:\Projects\C\CeliaShmup\ProjectFiles\CeliaShmup\entity.c(25): warning C4715: 'NewEntity': not all control paths return a value
  CeliaShmup.vcxproj -> C:\Projects\C\CeliaShmup\ProjectFiles\bin\Debug-windows-x86_64\CeliaShmup\CeliaShmup.exe
